Build started 02/07/2015 21:17:45.
     1>Project "c:\Users\user\documents\visual studio 2013\Projects\sfml1\sfml1\sfml1.vcxproj" on node 2 (Build target(s)).
     1>ClCompile:
         C:\Program Files (x86)\Microsoft Visual Studio 12.0\VC\bin\CL.exe /c /Zi /nologo /W3 /WX- /sdl /O2 /Oi /Oy- /GL /D _MBCS /Gm- /EHsc /MD /GS /Gy /fp:precise /Zc:wchar_t /Zc:forScope /Fo"Release\\" /Fd"Release\vc120.pdb" /Gd /TP /analyze- /errorReport:prompt ball.cpp main.cpp Paddle.cpp
         ball.cpp
     1>c:\users\user\documents\visual studio 2013\projects\sfml1\sfml1\ball.h(3): warning C4067: unexpected tokens following preprocessor directive - expected a newline
     1>c:\users\user\documents\visual studio 2013\projects\sfml1\sfml1\ball.h(8): warning C4099: 'Paddle' : type name first seen using 'class' now seen using 'struct'
                 c:\users\user\documents\visual studio 2013\projects\sfml1\sfml1\Paddle.h(8) : see declaration of 'Paddle'
     1>c:\users\user\documents\visual studio 2013\projects\sfml1\sfml1\ball.h(10): warning C4099: 'ball' : type name first seen using 'struct' now seen using 'class'
                 c:\users\user\documents\visual studio 2013\projects\sfml1\sfml1\Paddle.h(6) : see declaration of 'ball'
     1>ball.cpp(6): warning C4244: 'argument' : conversion from 'int' to 'float', possible loss of data
     1>ball.cpp(62): warning C4244: 'argument' : conversion from 'time_t' to 'unsigned int', possible loss of data
         main.cpp
     1>c:\users\user\documents\visual studio 2013\projects\sfml1\sfml1\ball.h(3): warning C4067: unexpected tokens following preprocessor directive - expected a newline
     1>c:\users\user\documents\visual studio 2013\projects\sfml1\sfml1\Paddle.h(6): warning C4099: 'ball' : type name first seen using 'class' now seen using 'struct'
                 c:\users\user\documents\visual studio 2013\projects\sfml1\sfml1\ball.h(10) : see declaration of 'ball'
     1>c:\users\user\documents\visual studio 2013\projects\sfml1\sfml1\Paddle.h(8): warning C4099: 'Paddle' : type name first seen using 'struct' now seen using 'class'
                 c:\users\user\documents\visual studio 2013\projects\sfml1\sfml1\ball.h(8) : see declaration of 'Paddle'
         Paddle.cpp
     1>c:\users\user\documents\visual studio 2013\projects\sfml1\sfml1\ball.h(3): warning C4067: unexpected tokens following preprocessor directive - expected a newline
     1>c:\users\user\documents\visual studio 2013\projects\sfml1\sfml1\Paddle.h(6): warning C4099: 'ball' : type name first seen using 'class' now seen using 'struct'
                 c:\users\user\documents\visual studio 2013\projects\sfml1\sfml1\ball.h(10) : see declaration of 'ball'
     1>c:\users\user\documents\visual studio 2013\projects\sfml1\sfml1\Paddle.h(8): warning C4099: 'Paddle' : type name first seen using 'struct' now seen using 'class'
                 c:\users\user\documents\visual studio 2013\projects\sfml1\sfml1\ball.h(8) : see declaration of 'Paddle'
     1>Paddle.cpp(7): warning C4244: 'argument' : conversion from 'int' to 'float', possible loss of data
     1>Paddle.cpp(30): warning C4244: '=' : conversion from 'int' to 'float', possible loss of data
       Link:
         C:\Program Files (x86)\Microsoft Visual Studio 12.0\VC\bin\link.exe /ERRORREPORT:PROMPT /OUT:"c:\users\user\documents\visual studio 2013\Projects\sfml1\Release\sfml1.exe" /NOLOGO "sfml-graphics.lib" "sfml-window.lib" "sfml-system.lib" kernel32.lib user32.lib gdi32.lib winspool.lib comdlg32.lib advapi32.lib shell32.lib ole32.lib oleaut32.lib uuid.lib odbc32.lib odbccp32.lib /MANIFEST /MANIFESTUAC:"level='asInvoker' uiAccess='false'" /manifest:embed /DEBUG /PDB:"c:\users\user\documents\visual studio 2013\Projects\sfml1\Release\sfml1.pdb" /OPT:REF /OPT:ICF /LTCG /TLBID:1 /DYNAMICBASE /NXCOMPAT /IMPLIB:"c:\users\user\documents\visual studio 2013\Projects\sfml1\Release\sfml1.lib" /MACHINE:X86 /SAFESEH Release\ball.obj
         Release\main.obj
         Release\Paddle.obj
         Generating code
         Finished generating code
         sfml1.vcxproj -> c:\users\user\documents\visual studio 2013\Projects\sfml1\Release\sfml1.exe
     1>Done Building Project "c:\Users\user\documents\visual studio 2013\Projects\sfml1\sfml1\sfml1.vcxproj" (Build target(s)).

Build succeeded.

Time Elapsed 00:00:01.81
